<?xml version="1.0" encoding="UTF-8"?>
<coverage generated="1767537295306" clover="3.2.0">
  <project timestamp="1767537295307" name="All files">
    <metrics statements="40" coveredstatements="29" conditionals="21" coveredconditionals="14" methods="17" coveredmethods="11" elements="78" coveredelements="54" complexity="0" loc="40" ncloc="40" packages="1" files="1" classes="1"/>
    <file name="App.js" path="C:\Users\fares\Desktop\3eme annee\devops\chuzone-devops-project\frontend\src\App.js">
      <metrics statements="40" coveredstatements="29" conditionals="21" coveredconditionals="14" methods="17" coveredmethods="11"/>
      <line num="5" count="61" type="stmt"/>
      <line num="6" count="61" type="stmt"/>
      <line num="7" count="61" type="stmt"/>
      <line num="10" count="61" type="stmt"/>
      <line num="11" count="21" type="stmt"/>
      <line num="12" count="21" type="cond" truecount="1" falsecount="1"/>
      <line num="13" count="0" type="stmt"/>
      <line num="16" count="21" type="stmt"/>
      <line num="21" count="21" type="stmt"/>
      <line num="22" count="21" type="stmt"/>
      <line num="27" count="61" type="stmt"/>
      <line num="28" count="46" type="cond" truecount="2" falsecount="0"/>
      <line num="29" count="25" type="stmt"/>
      <line num="33" count="61" type="stmt"/>
      <line num="34" count="4" type="stmt"/>
      <line num="36" count="4" type="cond" truecount="4" falsecount="1"/>
      <line num="37" count="0" type="stmt"/>
      <line num="38" count="0" type="stmt"/>
      <line num="41" count="4" type="stmt"/>
      <line num="49" count="4" type="stmt"/>
      <line num="50" count="4" type="stmt"/>
      <line num="53" count="61" type="stmt"/>
      <line num="54" count="0" type="cond" truecount="0" falsecount="2"/>
      <line num="55" count="0" type="stmt"/>
      <line num="59" count="61" type="stmt"/>
      <line num="60" count="0" type="cond" truecount="0" falsecount="2"/>
      <line num="61" count="0" type="stmt"/>
      <line num="62" count="0" type="stmt"/>
      <line num="66" count="61" type="cond" truecount="1" falsecount="1"/>
      <line num="68" count="0" type="stmt"/>
      <line num="70" count="124" type="stmt"/>
      <line num="72" count="61" type="stmt"/>
      <line num="88" count="5" type="stmt"/>
      <line num="96" count="5" type="stmt"/>
      <line num="103" count="5" type="stmt"/>
      <line num="116" count="0" type="stmt"/>
      <line num="120" count="185" type="stmt"/>
      <line num="141" count="124" type="stmt"/>
      <line num="151" count="0" type="stmt"/>
      <line num="173" count="124" type="stmt"/>
    </file>
  </project>
</coverage>
