{"C:\\Users\\fares\\Desktop\\3eme annee\\devops\\chuzone-devops-project\\frontend\\src\\App.js": {"path":"C:\\Users\\fares\\Desktop\\3eme annee\\devops\\chuzone-devops-project\\frontend\\src\\App.js","statementMap":{"0":{"start":{"line":5,"column":34},"end":{"line":5,"column":46}},"1":{"start":{"line":6,"column":38},"end":{"line":6,"column":85}},"2":{"start":{"line":7,"column":30},"end":{"line":7,"column":45}},"3":{"start":{"line":10,"column":2},"end":{"line":24,"column":9}},"4":{"start":{"line":11,"column":26},"end":{"line":11,"column":66}},"5":{"start":{"line":12,"column":4},"end":{"line":23,"column":5}},"6":{"start":{"line":13,"column":6},"end":{"line":13,"column":45}},"7":{"start":{"line":16,"column":30},"end":{"line":20,"column":7}},"8":{"start":{"line":21,"column":6},"end":{"line":21,"column":35}},"9":{"start":{"line":22,"column":6},"end":{"line":22,"column":80}},"10":{"start":{"line":27,"column":2},"end":{"line":31,"column":17}},"11":{"start":{"line":28,"column":4},"end":{"line":30,"column":5}},"12":{"start":{"line":29,"column":6},"end":{"line":29,"column":73}},"13":{"start":{"line":33,"column":23},"end":{"line":51,"column":3}},"14":{"start":{"line":34,"column":4},"end":{"line":34,"column":23}},"15":{"start":{"line":36,"column":4},"end":{"line":39,"column":5}},"16":{"start":{"line":37,"column":6},"end":{"line":37,"column":48}},"17":{"start":{"line":38,"column":6},"end":{"line":38,"column":13}},"18":{"start":{"line":41,"column":20},"end":{"line":47,"column":5}},"19":{"start":{"line":49,"column":4},"end":{"line":49,"column":40}},"20":{"start":{"line":50,"column":4},"end":{"line":50,"column":57}},"21":{"start":{"line":53,"column":24},"end":{"line":57,"column":3}},"22":{"start":{"line":54,"column":4},"end":{"line":56,"column":5}},"23":{"start":{"line":55,"column":6},"end":{"line":55,"column":53}},"24":{"start":{"line":55,"column":39},"end":{"line":55,"column":50}},"25":{"start":{"line":59,"column":19},"end":{"line":64,"column":3}},"26":{"start":{"line":60,"column":4},"end":{"line":63,"column":5}},"27":{"start":{"line":61,"column":6},"end":{"line":61,"column":22}},"28":{"start":{"line":62,"column":6},"end":{"line":62,"column":50}},"29":{"start":{"line":66,"column":27},"end":{"line":68,"column":49}},"30":{"start":{"line":68,"column":27},"end":{"line":68,"column":48}},"31":{"start":{"line":70,"column":21},"end":{"line":70,"column":71}},"32":{"start":{"line":70,"column":58},"end":{"line":70,"column":68}},"33":{"start":{"line":72,"column":2},"end":{"line":186,"column":4}},"34":{"start":{"line":88,"column":31},"end":{"line":88,"column":85}},"35":{"start":{"line":96,"column":31},"end":{"line":96,"column":86}},"36":{"start":{"line":103,"column":31},"end":{"line":103,"column":89}},"37":{"start":{"line":116,"column":33},"end":{"line":116,"column":58}},"38":{"start":{"line":120,"column":18},"end":{"line":122,"column":27}},"39":{"start":{"line":141,"column":16},"end":{"line":156,"column":22}},"40":{"start":{"line":151,"column":35},"end":{"line":151,"column":60}},"41":{"start":{"line":173,"column":43},"end":{"line":173,"column":56}}},"fnMap":{"0":{"name":"App","decl":{"start":{"line":4,"column":9},"end":{"line":4,"column":12}},"loc":{"start":{"line":4,"column":15},"end":{"line":187,"column":1}},"line":4},"1":{"name":"(anonymous_1)","decl":{"start":{"line":10,"column":12},"end":{"line":10,"column":13}},"loc":{"start":{"line":10,"column":18},"end":{"line":24,"column":3}},"line":10},"2":{"name":"(anonymous_2)","decl":{"start":{"line":27,"column":12},"end":{"line":27,"column":13}},"loc":{"start":{"line":27,"column":18},"end":{"line":31,"column":3}},"line":27},"3":{"name":"(anonymous_3)","decl":{"start":{"line":33,"column":23},"end":{"line":33,"column":24}},"loc":{"start":{"line":33,"column":30},"end":{"line":51,"column":3}},"line":33},"4":{"name":"(anonymous_4)","decl":{"start":{"line":53,"column":24},"end":{"line":53,"column":25}},"loc":{"start":{"line":53,"column":32},"end":{"line":57,"column":3}},"line":53},"5":{"name":"(anonymous_5)","decl":{"start":{"line":55,"column":34},"end":{"line":55,"column":35}},"loc":{"start":{"line":55,"column":39},"end":{"line":55,"column":50}},"line":55},"6":{"name":"(anonymous_6)","decl":{"start":{"line":59,"column":19},"end":{"line":59,"column":20}},"loc":{"start":{"line":59,"column":25},"end":{"line":64,"column":3}},"line":59},"7":{"name":"(anonymous_7)","decl":{"start":{"line":68,"column":22},"end":{"line":68,"column":23}},"loc":{"start":{"line":68,"column":27},"end":{"line":68,"column":48}},"line":68},"8":{"name":"(anonymous_8)","decl":{"start":{"line":70,"column":53},"end":{"line":70,"column":54}},"loc":{"start":{"line":70,"column":58},"end":{"line":70,"column":68}},"line":70},"9":{"name":"(anonymous_9)","decl":{"start":{"line":88,"column":24},"end":{"line":88,"column":25}},"loc":{"start":{"line":88,"column":31},"end":{"line":88,"column":85}},"line":88},"10":{"name":"(anonymous_10)","decl":{"start":{"line":96,"column":24},"end":{"line":96,"column":25}},"loc":{"start":{"line":96,"column":31},"end":{"line":96,"column":86}},"line":96},"11":{"name":"(anonymous_11)","decl":{"start":{"line":103,"column":24},"end":{"line":103,"column":25}},"loc":{"start":{"line":103,"column":31},"end":{"line":103,"column":89}},"line":103},"12":{"name":"(anonymous_12)","decl":{"start":{"line":116,"column":26},"end":{"line":116,"column":27}},"loc":{"start":{"line":116,"column":33},"end":{"line":116,"column":58}},"line":116},"13":{"name":"(anonymous_13)","decl":{"start":{"line":119,"column":32},"end":{"line":119,"column":33}},"loc":{"start":{"line":120,"column":18},"end":{"line":122,"column":27}},"line":120},"14":{"name":"(anonymous_14)","decl":{"start":{"line":140,"column":36},"end":{"line":140,"column":37}},"loc":{"start":{"line":141,"column":16},"end":{"line":156,"column":22}},"line":141},"15":{"name":"(anonymous_15)","decl":{"start":{"line":151,"column":29},"end":{"line":151,"column":30}},"loc":{"start":{"line":151,"column":35},"end":{"line":151,"column":60}},"line":151},"16":{"name":"(anonymous_16)","decl":{"start":{"line":173,"column":31},"end":{"line":173,"column":32}},"loc":{"start":{"line":173,"column":43},"end":{"line":173,"column":56}},"line":173}},"branchMap":{"0":{"loc":{"start":{"line":12,"column":4},"end":{"line":23,"column":5}},"type":"if","locations":[{"start":{"line":12,"column":4},"end":{"line":23,"column":5}},{"start":{"line":14,"column":11},"end":{"line":23,"column":5}}],"line":12},"1":{"loc":{"start":{"line":28,"column":4},"end":{"line":30,"column":5}},"type":"if","locations":[{"start":{"line":28,"column":4},"end":{"line":30,"column":5}},{"start":{},"end":{}}],"line":28},"2":{"loc":{"start":{"line":36,"column":4},"end":{"line":39,"column":5}},"type":"if","locations":[{"start":{"line":36,"column":4},"end":{"line":39,"column":5}},{"start":{},"end":{}}],"line":36},"3":{"loc":{"start":{"line":36,"column":8},"end":{"line":36,"column":69}},"type":"binary-expr","locations":[{"start":{"line":36,"column":8},"end":{"line":36,"column":24}},{"start":{"line":36,"column":28},"end":{"line":36,"column":45}},{"start":{"line":36,"column":49},"end":{"line":36,"column":69}}],"line":36},"4":{"loc":{"start":{"line":54,"column":4},"end":{"line":56,"column":5}},"type":"if","locations":[{"start":{"line":54,"column":4},"end":{"line":56,"column":5}},{"start":{},"end":{}}],"line":54},"5":{"loc":{"start":{"line":60,"column":4},"end":{"line":63,"column":5}},"type":"if","locations":[{"start":{"line":60,"column":4},"end":{"line":63,"column":5}},{"start":{},"end":{}}],"line":60},"6":{"loc":{"start":{"line":66,"column":27},"end":{"line":68,"column":49}},"type":"cond-expr","locations":[{"start":{"line":67,"column":6},"end":{"line":67,"column":14}},{"start":{"line":68,"column":6},"end":{"line":68,"column":49}}],"line":66},"7":{"loc":{"start":{"line":121,"column":21},"end":{"line":121,"column":62}},"type":"cond-expr","locations":[{"start":{"line":121,"column":37},"end":{"line":121,"column":56}},{"start":{"line":121,"column":59},"end":{"line":121,"column":62}}],"line":121},"8":{"loc":{"start":{"line":125,"column":15},"end":{"line":129,"column":15}},"type":"binary-expr","locations":[{"start":{"line":125,"column":15},"end":{"line":125,"column":34}},{"start":{"line":126,"column":16},"end":{"line":128,"column":25}}],"line":125},"9":{"loc":{"start":{"line":133,"column":11},"end":{"line":159,"column":11}},"type":"cond-expr","locations":[{"start":{"line":134,"column":12},"end":{"line":137,"column":18}},{"start":{"line":139,"column":12},"end":{"line":158,"column":18}}],"line":133}},"s":{"0":61,"1":61,"2":61,"3":61,"4":21,"5":21,"6":0,"7":21,"8":21,"9":21,"10":61,"11":46,"12":25,"13":61,"14":4,"15":4,"16":0,"17":0,"18":4,"19":4,"20":4,"21":61,"22":0,"23":0,"24":0,"25":61,"26":0,"27":0,"28":0,"29":61,"30":0,"31":61,"32":124,"33":61,"34":5,"35":5,"36":5,"37":0,"38":185,"39":124,"40":0,"41":124},"f":{"0":61,"1":21,"2":46,"3":4,"4":0,"5":0,"6":0,"7":0,"8":124,"9":5,"10":5,"11":5,"12":0,"13":185,"14":124,"15":0,"16":124},"b":{"0":[0,21],"1":[25,21],"2":[0,4],"3":[4,4,4],"4":[0,0],"5":[0,0],"6":[61,0],"7":[61,124],"8":[61,40],"9":[21,40]},"_coverageSchema":"1a1c01bbd47fc00a2c39e90264f33305004495a9","hash":"63385b9747c466f19c7b4dca6034b53dea697bc7"}
}
