TN:
SF:src\App.js
FN:4,App
FN:10,(anonymous_1)
FN:27,(anonymous_2)
FN:33,(anonymous_3)
FN:53,(anonymous_4)
FN:55,(anonymous_5)
FN:59,(anonymous_6)
FN:68,(anonymous_7)
FN:70,(anonymous_8)
FN:88,(anonymous_9)
FN:96,(anonymous_10)
FN:103,(anonymous_11)
FN:116,(anonymous_12)
FN:119,(anonymous_13)
FN:140,(anonymous_14)
FN:151,(anonymous_15)
FN:173,(anonymous_16)
FNF:17
FNH:11
FNDA:61,App
FNDA:21,(anonymous_1)
FNDA:46,(anonymous_2)
FNDA:4,(anonymous_3)
FNDA:0,(anonymous_4)
FNDA:0,(anonymous_5)
FNDA:0,(anonymous_6)
FNDA:0,(anonymous_7)
FNDA:124,(anonymous_8)
FNDA:5,(anonymous_9)
FNDA:5,(anonymous_10)
FNDA:5,(anonymous_11)
FNDA:0,(anonymous_12)
FNDA:185,(anonymous_13)
FNDA:124,(anonymous_14)
FNDA:0,(anonymous_15)
FNDA:124,(anonymous_16)
DA:5,61
DA:6,61
DA:7,61
DA:10,61
DA:11,21
DA:12,21
DA:13,0
DA:16,21
DA:21,21
DA:22,21
DA:27,61
DA:28,46
DA:29,25
DA:33,61
DA:34,4
DA:36,4
DA:37,0
DA:38,0
DA:41,4
DA:49,4
DA:50,4
DA:53,61
DA:54,0
DA:55,0
DA:59,61
DA:60,0
DA:61,0
DA:62,0
DA:66,61
DA:68,0
DA:70,124
DA:72,61
DA:88,5
DA:96,5
DA:103,5
DA:116,0
DA:120,185
DA:141,124
DA:151,0
DA:173,124
LF:40
LH:29
BRDA:12,0,0,0
BRDA:12,0,1,21
BRDA:28,1,0,25
BRDA:28,1,1,21
BRDA:36,2,0,0
BRDA:36,2,1,4
BRDA:36,3,0,4
BRDA:36,3,1,4
BRDA:36,3,2,4
BRDA:54,4,0,0
BRDA:54,4,1,0
BRDA:60,5,0,0
BRDA:60,5,1,0
BRDA:66,6,0,61
BRDA:66,6,1,0
BRDA:121,7,0,61
BRDA:121,7,1,124
BRDA:125,8,0,61
BRDA:125,8,1,40
BRDA:133,9,0,21
BRDA:133,9,1,40
BRF:21
BRH:14
end_of_record
